<?xml version="1.0" encoding="UTF-8"?>
<robot generator="Robot 6.0.2 (Python 3.11.1 on darwin)" generated="20230115 10:59:44.440" rpa="false" schemaversion="3">
<suite id="s1" name="Aws.Amazon.Login" source="/Users/hf/PycharmProjects/pythonProject/test/google/functionaltestsuite/aws.amazon.login.robot">
<test id="s1-t1" name="Valid Login" line="10">
<kw name="Open Browser To Login Page">
<kw name="Open Browser" library="SeleniumLibrary">
<arg>${LOGIN URL}</arg>
<arg>${BROWSER}</arg>
<doc>Opens a new browser instance to the optional ``url``.</doc>
<msg timestamp="20230115 10:59:44.516" level="INFO">Opening browser 'Chrome' to base url 'https://www.aws.amazon.com'.</msg>
<status status="PASS" starttime="20230115 10:59:44.516" endtime="20230115 11:00:07.790"/>
</kw>
<kw name="Title Should Be" library="SeleniumLibrary">
<arg>Login Page</arg>
<doc>Verifies that the current page title equals ``title``.</doc>
<msg timestamp="20230115 11:00:08.346" level="INFO" html="true">&lt;/td&gt;&lt;/tr&gt;&lt;tr&gt;&lt;td colspan="3"&gt;&lt;a href="selenium-screenshot-4.png"&gt;&lt;img src="selenium-screenshot-4.png" width="800px"&gt;&lt;/a&gt;</msg>
<msg timestamp="20230115 11:00:08.346" level="FAIL">Title should have been 'Login Page' but was 'Cloud Computing Services - Amazon Web Services (AWS)'.</msg>
<status status="FAIL" starttime="20230115 11:00:07.790" endtime="20230115 11:00:08.348"/>
</kw>
<status status="FAIL" starttime="20230115 10:59:44.516" endtime="20230115 11:00:08.348"/>
</kw>
<kw name="Input Username">
<arg>triisya.tv@gamil.com</arg>
<status status="NOT RUN" starttime="20230115 11:00:08.348" endtime="20230115 11:00:08.348"/>
</kw>
<kw name="Input Password" library="SeleniumLibrary">
<arg>Triisya01#</arg>
<doc>Types the given password into the text field identified by ``locator``.</doc>
<status status="NOT RUN" starttime="20230115 11:00:08.348" endtime="20230115 11:00:08.348"/>
</kw>
<kw name="Submit Credentials">
<status status="NOT RUN" starttime="20230115 11:00:08.348" endtime="20230115 11:00:08.348"/>
</kw>
<kw name="Welcome Page Should Be Open">
<status status="NOT RUN" starttime="20230115 11:00:08.348" endtime="20230115 11:00:08.348"/>
</kw>
<kw name="Close Browser" library="SeleniumLibrary" type="TEARDOWN">
<doc>Closes the current browser.</doc>
<status status="PASS" starttime="20230115 11:00:08.348" endtime="20230115 11:00:08.429"/>
</kw>
<status status="FAIL" starttime="20230115 10:59:44.516" endtime="20230115 11:00:08.429">Title should have been 'Login Page' but was 'Cloud Computing Services - Amazon Web Services (AWS)'.</status>
</test>
<doc>Simple example using SeleniumLibrary.</doc>
<status status="FAIL" starttime="20230115 10:59:44.441" endtime="20230115 11:00:08.430"/>
</suite>
<statistics>
<total>
<stat pass="0" fail="1" skip="0">All Tests</stat>
</total>
<tag>
</tag>
<suite>
<stat pass="0" fail="1" skip="0" id="s1" name="Aws.Amazon.Login">Aws.Amazon.Login</stat>
</suite>
</statistics>
<errors>
</errors>
</robot>
